<?xml version="1.0" encoding="UTF-8"?>
<!-- Generated by org.testng.reporters.JUnitXMLReporter -->
<testsuite ignored="0" hostname="DESKTOP-I1DRK05" failures="1" tests="2" name="Test" time="30.071" errors="0" timestamp="2022-09-18T13:27:24 CEST">
  <testcase classname="com.fedex.tests.searchTrackingNumberTest" name="searchTrackingNumber" time="13.704"/>
  <testcase classname="com.fedex.tests.searchTrackingNumberTest" name="searchTrackingNumber" time="13.732">
    <failure type="java.lang.NullPointerException" message="Cannot invoke &amp;quot;org.openqa.selenium.TakesScreenshot.getScreenshotAs(org.openqa.selenium.OutputType)&amp;quot; because &amp;quot;ts&amp;quot; is null">
      <![CDATA[java.lang.NullPointerException: Cannot invoke "org.openqa.selenium.TakesScreenshot.getScreenshotAs(org.openqa.selenium.OutputType)" because "ts" is null
at com.fedex.actions.DriverManager.getScreenShotPath(DriverManager.java:127)
at com.fedex.reports.FedExListeners.onTestSuccess(FedExListeners.java:42)
at java.base/java.util.ArrayList.forEach(ArrayList.java:1511)
... Removed 24 stack frames]]>
    </failure>
  </testcase> <!-- searchTrackingNumber -->
</testsuite> <!-- Test -->
